<?xml version="1.0" encoding="UTF-8"?>
<!-- Generated by org.testng.reporters.JUnitXMLReporter -->
<testsuite ignored="0" hostname="DESKTOP-AHGNOB7" failures="0" tests="3" name="Default test" time="0.651" errors="0" timestamp="2024-03-05T10:41:36 IST">
  <testcase classname="DataProvider.DataProvExam" name="loginTest" time="0.205"/>
  <testcase classname="DataProvider.DataProvExam" name="loginTest" time="0.009"/>
  <testcase classname="DataProvider.DataProvExam" name="loginTest" time="0.01"/>
</testsuite> <!-- Default test -->
