<?xml version="1.0" encoding="UTF-8"?>
<testng-results ignored="0" total="3" passed="3" failed="0" skipped="0">
  <reporter-output>
  </reporter-output>
  <suite started-at="2024-03-05T10:41:35 IST" name="Default suite" finished-at="2024-03-05T10:41:36 IST" duration-ms="654">
    <groups>
    </groups>
    <test started-at="2024-03-05T10:41:35 IST" name="Default test" finished-at="2024-03-05T10:41:36 IST" duration-ms="654">
      <class name="DataProvider.DataProvExam">
        <test-method signature="loginTest(java.lang.String,java.lang.String)[pri:0, instance:DataProvider.DataProvExam@428640fa]" started-at="2024-03-05T10:41:35 IST" name="loginTest" data-provider="LoginCredential" finished-at="2024-03-05T10:41:36 IST" duration-ms="39" status="PASS">
          <params>
            <param index="0">
              <value>
                <![CDATA[Sahir@gmail.com]]>
              </value>
            </param>
            <param index="1">
              <value>
                <![CDATA[123]]>
              </value>
            </param>
          </params>
          <reporter-output>
          </reporter-output>
        </test-method> <!-- loginTest -->
        <test-method signature="loginTest(java.lang.String,java.lang.String)[pri:0, instance:DataProvider.DataProvExam@428640fa]" started-at="2024-03-05T10:41:36 IST" name="loginTest" data-provider="LoginCredential" finished-at="2024-03-05T10:41:36 IST" duration-ms="195" status="PASS">
          <params>
            <param index="0">
              <value>
                <![CDATA[kader@gmail.com]]>
              </value>
            </param>
            <param index="1">
              <value>
                <![CDATA[786]]>
              </value>
            </param>
          </params>
          <reporter-output>
          </reporter-output>
        </test-method> <!-- loginTest -->
        <test-method signature="loginTest(java.lang.String,java.lang.String)[pri:0, instance:DataProvider.DataProvExam@428640fa]" started-at="2024-03-05T10:41:36 IST" name="loginTest" data-provider="LoginCredential" finished-at="2024-03-05T10:41:36 IST" duration-ms="7" status="PASS">
          <params>
            <param index="0">
              <value>
                <![CDATA[rahul@gmail.com]]>
              </value>
            </param>
            <param index="1">
              <value>
                <![CDATA[321]]>
              </value>
            </param>
          </params>
          <reporter-output>
          </reporter-output>
        </test-method> <!-- loginTest -->
      </class> <!-- DataProvider.DataProvExam -->
    </test> <!-- Default test -->
  </suite> <!-- Default suite -->
</testng-results>
